[2019-07-09 20:43:43] app.INFO: arton344.jpg [] {"uid":"4276ec2"}
[2019-07-09 20:45:13] app.INFO: arton344.jpg [] {"uid":"0a4b7ab"}
[2019-07-09 20:45:25] app.INFO:  [] {"uid":"d4f984b"}
[2019-07-09 20:47:10] app.INFO: Array [] {"uid":"c3d4b6e"}
[2019-07-09 20:52:46] app.INFO: arton344.jpg [] {"uid":"d9876a1"}
[2019-07-09 20:57:38] app.INFO: OK [] {"uid":"3fcf953"}
[2019-07-09 20:58:34] app.INFO: OK [] {"uid":"916fc30"}
[2019-07-09 21:04:47] app.INFO: OK [] {"uid":"0d90c03"}
[2019-07-09 21:28:08] app.INFO: [] [] {"uid":"67bd6e1"}
[2019-07-09 21:28:26] app.INFO: [] [] {"uid":"a7b5013"}
[2019-07-09 21:29:00] app.INFO:  [] {"uid":"861af6c"}
[2019-07-09 21:29:15] app.INFO:  [] {"uid":"eb2abfa"}
[2019-07-09 21:30:31] app.INFO:  [] {"uid":"d14a879"}
[2019-07-09 21:31:01] app.INFO:  [] {"uid":"b5622c2"}
[2019-07-09 21:31:04] app.INFO:  [] {"uid":"e4df236"}
[2019-07-09 21:31:05] app.INFO:  [] {"uid":"c6c50c4"}
[2019-07-09 21:31:06] app.INFO:  [] {"uid":"74a6c67"}
[2019-07-09 21:31:37] app.INFO:  [] {"uid":"62b304e"}
[2019-07-09 21:31:38] app.INFO:  [] {"uid":"4c9c34e"}
[2019-07-09 21:32:48] app.INFO: Array [] {"uid":"0649847"}
[2019-07-09 21:33:27] app.INFO: 1 [] {"uid":"30e4fe8"}
[2019-07-09 21:46:41] app.INFO: 1 [] {"uid":"505f455"}
[2019-07-09 21:47:18] app.INFO: {"id":1,"name":"Fiat Punto","year":"1789","description":"Superbe punto 800cv top qualit\u00e9 ","img":"arton344.jpg","visibility":1} [] {"uid":"7dba0e7"}
[2019-07-09 21:48:37] app.INFO: {"id":1,"name":"Fiat Punto","year":"1789","description":"Superbe punto 800cv top qualit\u00e9 ","img":"arton344.jpg","visibility":1} [] {"uid":"941f5f5"}
[2019-07-09 21:50:13] app.INFO: {"id":1,"name":"Fiat Punto","year":"1789","description":"Superbe punto 800cv top qualit\u00e9 ","img":"arton344.jpg","visibility":1} [] {"uid":"f1d2129"}
[2019-07-09 21:50:22] app.INFO: {"id":1,"name":"Fiat Punto","year":"1789","description":"Superbe punto 800cv top qualit\u00e9 ","img":"arton344.jpg","visibility":0} [] {"uid":"ace8492"}
[2019-07-09 21:53:10] app.INFO: {"id":1,"name":"Fiat Punto","year":"1789","description":"Superbe punto 800cv top qualit\u00e9 ","img":"arton344.jpg","visibility":1} [] {"uid":"d2465b4"}
[2019-07-09 21:53:13] app.INFO: {"id":1,"name":"Fiat Punto","year":"1789","description":"Superbe punto 800cv top qualit\u00e9 ","img":"arton344.jpg","visibility":0} [] {"uid":"d5d845c"}
[2019-07-09 22:00:38] app.INFO: {"id":1,"name":"Fiat Punto","year":"1789","description":"Superbe punto 800cv top qualit\u00e9 ","img":"arton344.jpg","visibility":1} [] {"uid":"0056a5a"}
[2019-07-09 22:00:42] app.INFO: {"id":1,"name":"Fiat Punto","year":"1789","description":"Superbe punto 800cv top qualit\u00e9 ","img":"arton344.jpg","visibility":0} [] {"uid":"1d9c8db"}
[2019-07-09 22:00:47] app.INFO: {"id":1,"name":"Fiat Punto","year":"1789","description":"Superbe punto 800cv top qualit\u00e9 ","img":"arton344.jpg","visibility":1} [] {"uid":"f86eac4"}
[2019-07-09 22:01:25] app.INFO: {"id":1,"name":"Fiat Punto","year":"1789","description":"Superbe punto 800cv top qualit\u00e9 ","img":"arton344.jpg","visibility":0} [] {"uid":"2e2827c"}
[2019-07-09 22:01:40] app.INFO: {"id":1,"name":"Fiat Punto","year":"1789","description":"Superbe punto 800cv top qualit\u00e9 ","img":"arton344.jpg","visibility":1} [] {"uid":"ecd8f94"}
[2019-07-09 22:03:55] app.INFO: {"id":1,"name":"Fiat Punto","year":"1789","description":"Superbe punto 800cv top qualit\u00e9 ","img":"arton344.jpg","visibility":0} [] {"uid":"d54dd64"}
[2019-07-09 22:04:04] app.INFO: {"id":1,"name":"Fiat Punto","year":"1789","description":"Superbe punto 800cv top qualit\u00e9 ","img":"arton344.jpg","visibility":1} [] {"uid":"d5759fe"}
[2019-07-09 22:04:08] app.INFO: {"id":1,"name":"Fiat Punto","year":"1789","description":"Superbe punto 800cv top qualit\u00e9 ","img":"arton344.jpg","visibility":0} [] {"uid":"605cd19"}
[2019-07-09 22:04:13] app.INFO: {"id":1,"name":"Fiat Punto","year":"1789","description":"Superbe punto 800cv top qualit\u00e9 ","img":"arton344.jpg","visibility":1} [] {"uid":"9f90e73"}
[2019-07-09 22:04:24] app.INFO: {"id":1,"name":"Fiat Punto","year":"1789","description":"Superbe punto 800cv top qualit\u00e9 ","img":"arton344.jpg","visibility":0} [] {"uid":"4a40551"}
[2019-07-09 22:04:27] app.INFO: {"id":1,"name":"Fiat Punto","year":"1789","description":"Superbe punto 800cv top qualit\u00e9 ","img":"arton344.jpg","visibility":1} [] {"uid":"03b8e0a"}
[2019-07-09 22:04:30] app.INFO: {"id":1,"name":"Fiat Punto","year":"1789","description":"Superbe punto 800cv top qualit\u00e9 ","img":"arton344.jpg","visibility":0} [] {"uid":"c2ad035"}
[2019-07-09 22:04:31] app.INFO: {"id":1,"name":"Fiat Punto","year":"1789","description":"Superbe punto 800cv top qualit\u00e9 ","img":"arton344.jpg","visibility":1} [] {"uid":"1d016b0"}
[2019-07-09 22:04:32] app.INFO: {"id":1,"name":"Fiat Punto","year":"1789","description":"Superbe punto 800cv top qualit\u00e9 ","img":"arton344.jpg","visibility":0} [] {"uid":"34aa3c8"}
[2019-07-09 22:04:32] app.INFO: {"id":1,"name":"Fiat Punto","year":"1789","description":"Superbe punto 800cv top qualit\u00e9 ","img":"arton344.jpg","visibility":1} [] {"uid":"ff986ab"}
[2019-07-09 22:04:32] app.INFO: {"id":1,"name":"Fiat Punto","year":"1789","description":"Superbe punto 800cv top qualit\u00e9 ","img":"arton344.jpg","visibility":0} [] {"uid":"48209e5"}
[2019-07-09 22:04:32] app.INFO: {"id":1,"name":"Fiat Punto","year":"1789","description":"Superbe punto 800cv top qualit\u00e9 ","img":"arton344.jpg","visibility":1} [] {"uid":"28304ba"}
[2019-07-09 22:04:32] app.INFO: {"id":1,"name":"Fiat Punto","year":"1789","description":"Superbe punto 800cv top qualit\u00e9 ","img":"arton344.jpg","visibility":0} [] {"uid":"a113b1a"}
[2019-07-09 22:04:33] app.INFO: {"id":1,"name":"Fiat Punto","year":"1789","description":"Superbe punto 800cv top qualit\u00e9 ","img":"arton344.jpg","visibility":1} [] {"uid":"aacdedc"}
[2019-07-09 22:04:33] app.INFO: {"id":1,"name":"Fiat Punto","year":"1789","description":"Superbe punto 800cv top qualit\u00e9 ","img":"arton344.jpg","visibility":0} [] {"uid":"a6a6b8b"}
[2019-07-09 22:04:33] app.INFO: {"id":1,"name":"Fiat Punto","year":"1789","description":"Superbe punto 800cv top qualit\u00e9 ","img":"arton344.jpg","visibility":1} [] {"uid":"81257a9"}
[2019-07-13 09:04:19] app.INFO: OK [] {"uid":"57ecb0e"}
[2019-07-13 09:04:25] app.INFO: {"id":1,"name":"Fiat Punto","year":"1789","description":"Superbe punto 800cv top qualit\u00e9 ","img":"arton344.jpg","visibility":0,"adherent_id":0} [] {"uid":"280adf4"}
[2019-07-13 09:04:30] app.INFO: {"id":1,"name":"Fiat Punto","year":"1789","description":"Superbe punto 800cv top qualit\u00e9 ","img":"arton344.jpg","visibility":1,"adherent_id":0} [] {"uid":"c05fff8"}
